2025-07-08 10:52:10,886 - __main__ - INFO - 🧬 Enhanced RL Training v7 with Fixed Metrics
2025-07-08 10:52:10,887 - __main__ - INFO - Running 1 experiments on 8 workers
2025-07-08 10:52:10,887 - __main__ - INFO - Seeds: [42]
2025-07-08 10:52:10,887 - __main__ - INFO - Available GPUs: [0, 1, 2, 3, 4, 5, 6, 7]
2025-07-08 10:52:10,887 - __main__ - INFO - Episodes per seed: 50
2025-07-08 10:52:10,887 - __main__ - INFO - Save directory: results/multi_seed_v7_stable_20250708_105209
2025-07-08 10:52:10,887 - __main__ - INFO - Experiment assignments:
2025-07-08 10:52:10,888 - __main__ - INFO -   Seed 42 -> GPU 0
2025-07-08 10:52:10,888 - __main__ - INFO - Running batch 1: 1 experiments
2025-07-08 10:52:15,102 - __mp_main__ - INFO - Process 1654069 set CUDA_VISIBLE_DEVICES=0
2025-07-08 10:52:15,203 - __mp_main__ - INFO - ✅ Process 1654069 successfully isolated to GPU 0
2025-07-08 10:52:15,204 - __mp_main__ - INFO - Starting stable_seed_42_gpu_0 on cuda:0
2025-07-08 10:52:15,206 - __mp_main__ - INFO - Process 1654069 sees 1 GPU(s), using GPU 0
2025-07-08 10:54:22,916 - src.models.stable_reward_function_v3 - INFO - 🏁 EPISODE 2 COMPLETE (Steps: 20) 🏁
2025-07-08 10:54:22,916 - src.models.stable_reward_function_v3 - INFO -    📊 TOUGHNESS CHANGE:
2025-07-08 10:54:22,916 - src.models.stable_reward_function_v3 - INFO -       Original: 0.088930
2025-07-08 10:54:22,916 - src.models.stable_reward_function_v3 - INFO -       Final:    0.088930
2025-07-08 10:54:22,916 - src.models.stable_reward_function_v3 - INFO -       Total Δ:  +0.000000 (+0.000%)
2025-07-08 10:54:22,916 - src.models.stable_reward_function_v3 - INFO -       Last Δ:   +0.000000
2025-07-08 10:54:22,916 - src.models.stable_reward_function_v3 - INFO -    🎯 PERFORMANCE:
2025-07-08 10:54:22,916 - src.models.stable_reward_function_v3 - INFO -       Final Reward: 0.000
2025-07-08 10:54:22,916 - src.models.stable_reward_function_v3 - INFO -       Edits Made:   20
2025-07-08 10:54:22,917 - src.models.stable_reward_function_v3 - INFO -       Success:      ❌ NO
2025-07-08 10:54:22,917 - src.models.stable_reward_function_v3 - INFO -    🛑 TERMINATION: long_zero_improvement
2025-07-08 10:54:22,917 - src.models.stable_reward_function_v3 - INFO -    ⚪ Terminated due to 6 consecutive ZERO improvements after 20 steps
2025-07-08 10:54:22,917 - src.models.stable_reward_function_v3 - INFO -    ============================================================
2025-07-08 10:55:48,331 - src.models.stable_reward_function_v3 - INFO - 🏁 EPISODE 3 COMPLETE (Steps: 19) 🏁
2025-07-08 10:55:48,332 - src.models.stable_reward_function_v3 - INFO -    📊 TOUGHNESS CHANGE:
2025-07-08 10:55:48,332 - src.models.stable_reward_function_v3 - INFO -       Original: 0.021170
2025-07-08 10:55:48,332 - src.models.stable_reward_function_v3 - INFO -       Final:    0.117035
2025-07-08 10:55:48,332 - src.models.stable_reward_function_v3 - INFO -       Total Δ:  +0.095865 (+9.587%)
2025-07-08 10:55:48,332 - src.models.stable_reward_function_v3 - INFO -       Last Δ:   +0.095865
2025-07-08 10:55:48,332 - src.models.stable_reward_function_v3 - INFO -    🎯 PERFORMANCE:
2025-07-08 10:55:48,332 - src.models.stable_reward_function_v3 - INFO -       Final Reward: 3.000
2025-07-08 10:55:48,332 - src.models.stable_reward_function_v3 - INFO -       Edits Made:   19
2025-07-08 10:55:48,332 - src.models.stable_reward_function_v3 - INFO -       Success:      ✅ YES
2025-07-08 10:55:48,332 - src.models.stable_reward_function_v3 - INFO -    🛑 TERMINATION: exceptional_performance
2025-07-08 10:55:48,332 - src.models.stable_reward_function_v3 - INFO -    🎉 EXCEPTIONAL PERFORMANCE! Improvement: 0.095865
2025-07-08 10:55:48,333 - src.models.stable_reward_function_v3 - INFO -    ============================================================
2025-07-08 10:57:18,405 - src.models.stable_reward_function_v3 - INFO - 🏁 EPISODE 4 COMPLETE (Steps: 20) 🏁
2025-07-08 10:57:18,406 - src.models.stable_reward_function_v3 - INFO -    📊 TOUGHNESS CHANGE:
2025-07-08 10:57:18,406 - src.models.stable_reward_function_v3 - INFO -       Original: 0.090855
2025-07-08 10:57:18,406 - src.models.stable_reward_function_v3 - INFO -       Final:    0.090855
2025-07-08 10:57:18,406 - src.models.stable_reward_function_v3 - INFO -       Total Δ:  +0.000000 (+0.000%)
2025-07-08 10:57:18,406 - src.models.stable_reward_function_v3 - INFO -       Last Δ:   +0.000000
2025-07-08 10:57:18,406 - src.models.stable_reward_function_v3 - INFO -    🎯 PERFORMANCE:
2025-07-08 10:57:18,406 - src.models.stable_reward_function_v3 - INFO -       Final Reward: 0.000
2025-07-08 10:57:18,406 - src.models.stable_reward_function_v3 - INFO -       Edits Made:   20
2025-07-08 10:57:18,406 - src.models.stable_reward_function_v3 - INFO -       Success:      ❌ NO
2025-07-08 10:57:18,406 - src.models.stable_reward_function_v3 - INFO -    🛑 TERMINATION: long_zero_improvement
2025-07-08 10:57:18,406 - src.models.stable_reward_function_v3 - INFO -    ⚪ Terminated due to 6 consecutive ZERO improvements after 20 steps
2025-07-08 10:57:18,406 - src.models.stable_reward_function_v3 - INFO -    ============================================================
2025-07-08 11:00:42,282 - src.models.stable_reward_function_v3 - INFO - 🏁 EPISODE 6 COMPLETE (Steps: 21) 🏁
2025-07-08 11:00:42,283 - src.models.stable_reward_function_v3 - INFO -    📊 TOUGHNESS CHANGE:
2025-07-08 11:00:42,283 - src.models.stable_reward_function_v3 - INFO -       Original: 0.053125
2025-07-08 11:00:42,283 - src.models.stable_reward_function_v3 - INFO -       Final:    0.105870
2025-07-08 11:00:42,283 - src.models.stable_reward_function_v3 - INFO -       Total Δ:  +0.052745 (+5.275%)
2025-07-08 11:00:42,283 - src.models.stable_reward_function_v3 - INFO -       Last Δ:   +0.000000
2025-07-08 11:00:42,283 - src.models.stable_reward_function_v3 - INFO -    🎯 PERFORMANCE:
2025-07-08 11:00:42,283 - src.models.stable_reward_function_v3 - INFO -       Final Reward: 0.000
2025-07-08 11:00:42,283 - src.models.stable_reward_function_v3 - INFO -       Edits Made:   21
2025-07-08 11:00:42,283 - src.models.stable_reward_function_v3 - INFO -       Success:      ✅ YES
2025-07-08 11:00:42,283 - src.models.stable_reward_function_v3 - INFO -    🛑 TERMINATION: long_zero_improvement
2025-07-08 11:00:42,283 - src.models.stable_reward_function_v3 - INFO -    ⚪ Terminated due to 6 consecutive ZERO improvements after 21 steps
2025-07-08 11:00:42,283 - src.models.stable_reward_function_v3 - INFO -    ============================================================
2025-07-08 11:02:12,687 - src.models.stable_reward_function_v3 - INFO - 🏁 EPISODE 7 COMPLETE (Steps: 20) 🏁
2025-07-08 11:02:12,688 - src.models.stable_reward_function_v3 - INFO -    📊 TOUGHNESS CHANGE:
2025-07-08 11:02:12,688 - src.models.stable_reward_function_v3 - INFO -       Original: 0.023095
2025-07-08 11:02:12,688 - src.models.stable_reward_function_v3 - INFO -       Final:    0.083925
2025-07-08 11:02:12,688 - src.models.stable_reward_function_v3 - INFO -       Total Δ:  +0.060830 (+6.083%)
2025-07-08 11:02:12,688 - src.models.stable_reward_function_v3 - INFO -       Last Δ:   +0.000000
2025-07-08 11:02:12,688 - src.models.stable_reward_function_v3 - INFO -    🎯 PERFORMANCE:
2025-07-08 11:02:12,688 - src.models.stable_reward_function_v3 - INFO -       Final Reward: 0.000
2025-07-08 11:02:12,688 - src.models.stable_reward_function_v3 - INFO -       Edits Made:   20
2025-07-08 11:02:12,688 - src.models.stable_reward_function_v3 - INFO -       Success:      ✅ YES
2025-07-08 11:02:12,688 - src.models.stable_reward_function_v3 - INFO -    🛑 TERMINATION: long_zero_improvement
2025-07-08 11:02:12,688 - src.models.stable_reward_function_v3 - INFO -    ⚪ Terminated due to 6 consecutive ZERO improvements after 20 steps
2025-07-08 11:02:12,688 - src.models.stable_reward_function_v3 - INFO -    ============================================================
2025-07-08 11:07:54,703 - __main__ - INFO - 🧬 Enhanced RL Training v7 with Fixed Metrics
2025-07-08 11:07:54,704 - __main__ - INFO - Running 1 experiments on 8 workers
2025-07-08 11:07:54,704 - __main__ - INFO - Seeds: [42]
2025-07-08 11:07:54,704 - __main__ - INFO - Available GPUs: [0, 1, 2, 3, 4, 5, 6, 7]
2025-07-08 11:07:54,704 - __main__ - INFO - Episodes per seed: 50
2025-07-08 11:07:54,704 - __main__ - INFO - Save directory: results/multi_seed_v7_stable_long_20250708_110752
2025-07-08 11:07:54,704 - __main__ - INFO - Experiment assignments:
2025-07-08 11:07:54,704 - __main__ - INFO -   Seed 42 -> GPU 0
2025-07-08 11:07:54,704 - __main__ - INFO - Running batch 1: 1 experiments
2025-07-08 11:07:58,802 - __mp_main__ - INFO - Process 1668976 set CUDA_VISIBLE_DEVICES=0
2025-07-08 11:07:58,923 - __mp_main__ - INFO - ✅ Process 1668976 successfully isolated to GPU 0
2025-07-08 11:07:58,925 - __mp_main__ - INFO - Starting stable_long_seed_42_gpu_0 on cuda:0
2025-07-08 11:07:58,927 - __mp_main__ - INFO - Process 1668976 sees 1 GPU(s), using GPU 0
2025-07-08 11:09:41,378 - src.models.stable_reward_function_v3 - INFO - 🏁 EPISODE 2 COMPLETE (Steps: 20) 🏁
2025-07-08 11:09:41,379 - src.models.stable_reward_function_v3 - INFO -    📊 TOUGHNESS CHANGE:
2025-07-08 11:09:41,379 - src.models.stable_reward_function_v3 - INFO -       Original: 0.088930
2025-07-08 11:09:41,379 - src.models.stable_reward_function_v3 - INFO -       Final:    0.088930
2025-07-08 11:09:41,379 - src.models.stable_reward_function_v3 - INFO -       Total Δ:  +0.000000 (+0.000%)
2025-07-08 11:09:41,379 - src.models.stable_reward_function_v3 - INFO -       Last Δ:   +0.000000
2025-07-08 11:09:41,379 - src.models.stable_reward_function_v3 - INFO -    🎯 PERFORMANCE:
2025-07-08 11:09:41,379 - src.models.stable_reward_function_v3 - INFO -       Final Reward: 0.000
2025-07-08 11:09:41,379 - src.models.stable_reward_function_v3 - INFO -       Edits Made:   20
2025-07-08 11:09:41,379 - src.models.stable_reward_function_v3 - INFO -       Success:      ❌ NO
2025-07-08 11:09:41,379 - src.models.stable_reward_function_v3 - INFO -    🛑 TERMINATION: zero_after_exploration
2025-07-08 11:09:41,379 - src.models.stable_reward_function_v3 - INFO -    ⚪ Terminated at step 20: 10 consecutive ZERO improvements after step 20
2025-07-08 11:09:41,379 - src.models.stable_reward_function_v3 - INFO -    ============================================================
2025-07-08 11:15:06,229 - __main__ - INFO - 🧬 Enhanced RL Training v7 with Fixed Metrics
2025-07-08 11:15:06,230 - __main__ - INFO - Running 1 experiments on 8 workers
2025-07-08 11:15:06,230 - __main__ - INFO - Seeds: [42]
2025-07-08 11:15:06,230 - __main__ - INFO - Available GPUs: [0, 1, 2, 3, 4, 5, 6, 7]
2025-07-08 11:15:06,230 - __main__ - INFO - Episodes per seed: 50
2025-07-08 11:15:06,230 - __main__ - INFO - Save directory: results/multi_seed_v7_stable_long_20250708_111504
2025-07-08 11:15:06,230 - __main__ - INFO - Experiment assignments:
2025-07-08 11:15:06,230 - __main__ - INFO -   Seed 42 -> GPU 0
2025-07-08 11:15:06,230 - __main__ - INFO - Running batch 1: 1 experiments
2025-07-08 11:15:10,466 - __mp_main__ - INFO - Process 1676794 set CUDA_VISIBLE_DEVICES=0
2025-07-08 11:15:10,568 - __mp_main__ - INFO - ✅ Process 1676794 successfully isolated to GPU 0
2025-07-08 11:15:10,569 - __mp_main__ - INFO - Starting stable_long_seed_42_gpu_0 on cuda:0
2025-07-08 11:15:10,571 - __mp_main__ - INFO - Process 1676794 sees 1 GPU(s), using GPU 0
2025-07-08 11:22:30,393 - src.models.stable_reward_function_v3 - INFO - 🏁 EPISODE 7 COMPLETE (Steps: 19) 🏁
2025-07-08 11:22:30,393 - src.models.stable_reward_function_v3 - INFO -    📊 TOUGHNESS CHANGE:
2025-07-08 11:22:30,393 - src.models.stable_reward_function_v3 - INFO -       Original: 0.023095
2025-07-08 11:22:30,394 - src.models.stable_reward_function_v3 - INFO -       Final:    0.108950
2025-07-08 11:22:30,394 - src.models.stable_reward_function_v3 - INFO -       Total Δ:  +0.085855 (+8.586%)
2025-07-08 11:22:30,394 - src.models.stable_reward_function_v3 - INFO -       Last Δ:   +0.075075
2025-07-08 11:22:30,394 - src.models.stable_reward_function_v3 - INFO -    🎯 PERFORMANCE:
2025-07-08 11:22:30,394 - src.models.stable_reward_function_v3 - INFO -       Final Reward: 3.000
2025-07-08 11:22:30,394 - src.models.stable_reward_function_v3 - INFO -       Edits Made:   19
2025-07-08 11:22:30,394 - src.models.stable_reward_function_v3 - INFO -       Success:      ✅ YES
2025-07-08 11:22:30,394 - src.models.stable_reward_function_v3 - INFO -    🛑 TERMINATION: exceptional_performance
2025-07-08 11:22:30,394 - src.models.stable_reward_function_v3 - INFO -    🎉 EXCEPTIONAL PERFORMANCE! Improvement: 0.085855
2025-07-08 11:22:30,394 - src.models.stable_reward_function_v3 - INFO -    ============================================================
2025-07-08 11:29:04,899 - __main__ - INFO - 🧬 Enhanced RL Training v7 with Fixed Metrics
2025-07-08 11:29:04,900 - __main__ - INFO - Running 1 experiments on 8 workers
2025-07-08 11:29:04,900 - __main__ - INFO - Seeds: [42]
2025-07-08 11:29:04,900 - __main__ - INFO - Available GPUs: [0, 1, 2, 3, 4, 5, 6, 7]
2025-07-08 11:29:04,900 - __main__ - INFO - Episodes per seed: 50
2025-07-08 11:29:04,900 - __main__ - INFO - Save directory: results/multi_seed_v7_stable_long_20250708_112903
2025-07-08 11:29:04,900 - __main__ - INFO - Experiment assignments:
2025-07-08 11:29:04,900 - __main__ - INFO -   Seed 42 -> GPU 0
2025-07-08 11:29:04,900 - __main__ - INFO - Running batch 1: 1 experiments
2025-07-08 11:29:09,000 - __mp_main__ - INFO - Process 1690141 set CUDA_VISIBLE_DEVICES=0
2025-07-08 11:29:09,098 - __mp_main__ - INFO - ✅ Process 1690141 successfully isolated to GPU 0
2025-07-08 11:29:09,100 - __mp_main__ - INFO - Starting stable_long_seed_42_gpu_0 on cuda:0
2025-07-08 11:29:09,102 - __mp_main__ - INFO - Process 1690141 sees 1 GPU(s), using GPU 0
2025-07-08 11:29:13,462 - __mp_main__ - ERROR - stable_long_seed_42_gpu_0 failed: 'SimplifiedTrainer' object has no attribute 'config'
2025-07-08 11:29:13,473 - __main__ - ERROR - ❌ Seed 42 (GPU 0) failed: 'SimplifiedTrainer' object has no attribute 'config'
2025-07-08 11:29:14,292 - __main__ - INFO - 
🎉 Enhanced Multi-seed training v7 completed!
2025-07-08 11:29:14,292 - __main__ - INFO - ✅ Successful: 0/1 experiments
2025-07-08 11:29:14,292 - __main__ - INFO - 🔧 GPU utilization: {}
2025-07-08 11:29:14,292 - __main__ - INFO - 📁 Data saved to: results/multi_seed_v7_stable_long_20250708_112903
2025-07-08 11:29:14,292 - __main__ - INFO - 📋 Summary: results/multi_seed_v7_stable_long_20250708_112903/experiment_summary.json
2025-07-08 11:31:50,897 - __main__ - INFO - 🧬 Enhanced RL Training v7 with Fixed Metrics
2025-07-08 11:31:50,898 - __main__ - INFO - Running 1 experiments on 8 workers
2025-07-08 11:31:50,898 - __main__ - INFO - Seeds: [42]
2025-07-08 11:31:50,898 - __main__ - INFO - Available GPUs: [0, 1, 2, 3, 4, 5, 6, 7]
2025-07-08 11:31:50,898 - __main__ - INFO - Episodes per seed: 50
2025-07-08 11:31:50,898 - __main__ - INFO - Save directory: results/multi_seed_v7_stable_long_20250708_113149
2025-07-08 11:31:50,898 - __main__ - INFO - Experiment assignments:
2025-07-08 11:31:50,898 - __main__ - INFO -   Seed 42 -> GPU 0
2025-07-08 11:31:50,898 - __main__ - INFO - Running batch 1: 1 experiments
2025-07-08 11:31:55,056 - __mp_main__ - INFO - Process 1694198 set CUDA_VISIBLE_DEVICES=0
2025-07-08 11:31:55,175 - __mp_main__ - INFO - ✅ Process 1694198 successfully isolated to GPU 0
2025-07-08 11:31:55,177 - __mp_main__ - INFO - Starting stable_long_seed_42_gpu_0 on cuda:0
2025-07-08 11:31:55,179 - __mp_main__ - INFO - Process 1694198 sees 1 GPU(s), using GPU 0
2025-07-08 11:36:20,184 - src.models.stable_reward_function_v3 - INFO - 🏁 EPISODE 3 COMPLETE (Steps: 31) 🏁
2025-07-08 11:36:20,185 - src.models.stable_reward_function_v3 - INFO -    📊 TOUGHNESS CHANGE:
2025-07-08 11:36:20,185 - src.models.stable_reward_function_v3 - INFO -       Original: 0.021170
2025-07-08 11:36:20,185 - src.models.stable_reward_function_v3 - INFO -       Final:    0.082000
2025-07-08 11:36:20,185 - src.models.stable_reward_function_v3 - INFO -       Total Δ:  +0.060830 (+6.083%)
2025-07-08 11:36:20,185 - src.models.stable_reward_function_v3 - INFO -       Last Δ:   +0.000000
2025-07-08 11:36:20,185 - src.models.stable_reward_function_v3 - INFO -    🎯 PERFORMANCE:
2025-07-08 11:36:20,185 - src.models.stable_reward_function_v3 - INFO -       Final Reward: 0.000
2025-07-08 11:36:20,185 - src.models.stable_reward_function_v3 - INFO -       Edits Made:   31
2025-07-08 11:36:20,185 - src.models.stable_reward_function_v3 - INFO -       Success:      ✅ YES
2025-07-08 11:36:20,185 - src.models.stable_reward_function_v3 - INFO -    🛑 TERMINATION: zero_after_exploration
2025-07-08 11:36:20,185 - src.models.stable_reward_function_v3 - INFO -    ⚪ Terminated at step 31: 10 consecutive ZERO improvements after step 20
2025-07-08 11:36:20,185 - src.models.stable_reward_function_v3 - INFO -    📈 Required minimum steps before zero-check: 30
2025-07-08 11:36:20,185 - src.models.stable_reward_function_v3 - INFO -    ============================================================
